<?xml version="1.0" encoding="UTF-8"?>
<!-- Generated by org.testng.reporters.JUnitReportReporter -->
<testsuite skipped="0" hostname="Mohit-PC" name="login.ReadExcl" tests="1" failures="0" timestamp="13 Jul 2018 17:11:08 GMT" time="4.446" errors="0">
  <testcase name="display" time="4.446" classname="login.ReadExcl"/>
</testsuite> <!-- login.ReadExcl -->
