<?xml version="1.0" encoding="UTF-8"?>
<!-- Generated by org.testng.reporters.JUnitReportReporter -->
<testsuite skipped="0" hostname="Mohit-PC" name="login.TrendzzmartFunctionality" tests="1" failures="0" timestamp="27 Feb 2018 11:30:09 GMT" time="95.429" errors="0">
  <testcase name="funcatonal" time="95.429" classname="login.TrendzzmartFunctionality"/>
</testsuite> <!-- login.TrendzzmartFunctionality -->
