<?xml version="1.0" encoding="UTF-8"?>
<!-- Generated by org.testng.reporters.JUnitReportReporter -->
<testsuite skipped="0" hostname="Mohit-PC" name="login.Credits" tests="1" failures="0" timestamp="23 Feb 2018 05:48:50 GMT" time="101.596" errors="0">
  <testcase name="linkverify" time="101.596" classname="login.Credits"/>
</testsuite> <!-- login.Credits -->
