<?xml version="1.0" encoding="UTF-8"?>
<!-- Generated by org.testng.reporters.JUnitReportReporter -->
<testsuite skipped="0" hostname="Mohit-PC" name="login.testings" tests="1" failures="0" timestamp="07 Jul 2018 14:47:30 GMT" time="2.743" errors="0">
  <testcase name="excel" time="2.743" classname="login.testings"/>
</testsuite> <!-- login.testings -->
