<?xml version="1.0" encoding="UTF-8"?>
<!-- Generated by org.testng.reporters.JUnitReportReporter -->
<testsuite skipped="0" hostname="Mohit-PC" name="login.ReadandTesting" tests="1" failures="0" timestamp="10 Jul 2018 09:04:57 GMT" time="2.734" errors="0">
  <testcase name="readdata" time="2.734" classname="login.ReadandTesting"/>
</testsuite> <!-- login.ReadandTesting -->
