<?xml version="1.0" encoding="UTF-8"?>
<!-- Generated by org.testng.reporters.JUnitReportReporter -->
<testsuite skipped="0" hostname="Mohit-PC" name="login.Screenshot" tests="1" failures="0" timestamp="15 Jul 2018 18:09:23 GMT" time="16.025" errors="0">
  <testcase name="capturescreenshot" time="16.025" classname="login.Screenshot"/>
</testsuite> <!-- login.Screenshot -->
