<?xml version="1.0" encoding="UTF-8"?>
<!-- Generated by org.testng.reporters.JUnitReportReporter -->
<testsuite skipped="1" hostname="Mohit-PC" name="login.Trendzzmartapplication" tests="1" failures="0" timestamp="06 Mar 2018 06:36:57 GMT" time="0.000" errors="0">
  <testcase name="Trendzzmartapptestin" time="0.000" classname="login.Trendzzmartapplication">
    <skipped/>
  </testcase> <!-- Trendzzmartapptestin -->
</testsuite> <!-- login.Trendzzmartapplication -->
