<?xml version="1.0" encoding="UTF-8"?>
<!-- Generated by org.testng.reporters.JUnitReportReporter -->
<testsuite skipped="0" hostname="Mohit-PC" name="login.Testing" tests="1" failures="0" timestamp="21 Feb 2018 06:56:42 GMT" time="13.507" errors="0">
  <testcase name="csiTesting" time="13.507" classname="login.Testing"/>
</testsuite> <!-- login.Testing -->
